c:\users\mathew\desktop\games programming\games programming\debug\vc120.pdb
c:\users\mathew\desktop\games programming\games programming\debug\vc120.idb
c:\users\mathew\desktop\games programming\games programming\debug\cplayer.obj
c:\users\mathew\desktop\games programming\games programming\debug\cballoon.obj
c:\users\mathew\desktop\games programming\games programming\debug\cd3dmanager.obj
c:\users\mathew\desktop\games programming\games programming\debug\cd3dxfont.obj
c:\users\mathew\desktop\games programming\games programming\debug\cd3dxspritemgr.obj
c:\users\mathew\desktop\games programming\games programming\debug\cd3dxtexture.obj
c:\users\mathew\desktop\games programming\games programming\debug\cexplosion.obj
c:\users\mathew\desktop\games programming\games programming\debug\csprite.obj
c:\users\mathew\desktop\games programming\games programming\debug\cxaudio.obj
c:\users\mathew\desktop\games programming\games programming\debug\main.obj
c:\users\mathew\desktop\games programming\debug\games programming.ilk
c:\users\mathew\desktop\games programming\debug\games programming.exe
c:\users\mathew\desktop\games programming\debug\games programming.pdb
c:\users\mathew\desktop\games programming\games programming\debug\gameresources.res
c:\users\mathew\desktop\games programming\games programming\debug\games pr.1da9ebad.tlog\cl.command.1.tlog
c:\users\mathew\desktop\games programming\games programming\debug\games pr.1da9ebad.tlog\cl.read.1.tlog
c:\users\mathew\desktop\games programming\games programming\debug\games pr.1da9ebad.tlog\cl.write.1.tlog
c:\users\mathew\desktop\games programming\games programming\debug\games pr.1da9ebad.tlog\link.command.1.tlog
c:\users\mathew\desktop\games programming\games programming\debug\games pr.1da9ebad.tlog\link.read.1.tlog
c:\users\mathew\desktop\games programming\games programming\debug\games pr.1da9ebad.tlog\link.write.1.tlog
c:\users\mathew\desktop\games programming\games programming\debug\games pr.1da9ebad.tlog\rc.command.1.tlog
c:\users\mathew\desktop\games programming\games programming\debug\games pr.1da9ebad.tlog\rc.read.1.tlog
c:\users\mathew\desktop\games programming\games programming\debug\games pr.1da9ebad.tlog\rc.write.1.tlog
